Build started 3/9/2015 4:49:36 PM.
     1>Project "J:\My Projects\CodeTest\CodeTest\CodeTest.vcxproj" on node 2 (Build target(s)).
     1>InitializeBuildStatus:
         Touching "Debug\CodeTest.tlog\unsuccessfulbuild".
       ClCompile:
         All outputs are up-to-date.
         C:\Program Files (x86)\Microsoft Visual Studio 12.0\VC\bin\CL.exe /c /ZI /nologo /W3 /WX- /sdl /Od /Oy- /D WIN32 /D _DEBUG /D _CONSOLE /D _LIB /D _UNICODE /D UNICODE /Gm /EHsc /RTC1 /MDd /GS /fp:precise /Zc:wchar_t /Zc:forScope /Yu"stdafx.h" /Fp"Debug\CodeTest.pch" /Fo"Debug\\" /Fd"Debug\vc120.pdb" /Gd /TP /analyze- /errorReport:prompt CodeTest.cpp
         CodeTest.cpp
     1>j:\my projects\codetest\codetest\codetest.cpp(15): warning C4067: unexpected tokens following preprocessor directive - expected a newline
     1>j:\my projects\codetest\codetest\codetest.cpp(16): warning C4067: unexpected tokens following preprocessor directive - expected a newline
     1>j:\my projects\codetest\codetest\codetest.cpp(74): warning C4018: '<' : signed/unsigned mismatch
     1>j:\my projects\codetest\codetest\codetest.cpp(159): warning C4101: 'current' : unreferenced local variable
     1>j:\my projects\codetest\codetest\codetest.cpp(162): error C4700: uninitialized local variable 'dt' used
     1>Done Building Project "J:\My Projects\CodeTest\CodeTest\CodeTest.vcxproj" (Build target(s)) -- FAILED.

Build FAILED.

Time Elapsed 00:00:00.63
